2012-01-27 16:36:10.484-0800: Creating new db @ /home/ron/littlepy/learning/db/neostore
2012-01-27 16:36:10.611-0800: Opened [/home/ron/littlepy/learning/db/nioneo_logical.log.1] clean empty log, version=0, lastTxId=1
2012-01-27 16:36:10.641-0800: Opened [/home/ron/littlepy/learning/db/index/lucene.log.1] clean empty log, version=0, lastTxId=1
2012-01-27 16:36:10.645-0800: TM new log: tm_tx_log.1
2012-01-27 16:36:10.666-0800: --- STARTUP diagnostics START ---
2012-01-27 16:36:10.666-0800: Graph Database: org.neo4j.kernel.EmbeddedGraphDatabase StoreId[time:1327710970501, id:-5155373205136904140, store version: 13561656364791302]
2012-01-27 16:36:10.667-0800: Kernel version: Neo4j - Graph Database Kernel 1.6.M03
2012-01-27 16:36:10.667-0800: Neo4j component versions:
2012-01-27 16:36:10.667-0800:   Neo4j - Graph Database Kernel 1.6.M03
2012-01-27 16:36:10.668-0800: Diagnostics providers:
    KernelDiagnostics:Versions
    org.neo4j.kernel.info.DiagnosticsManager
    SYSTEM_MEMORY
    JAVA_MEMORY
    OPERATING_SYSTEM
    JAVA_VIRTUAL_MACHINE
    CLASSPATH
    LIBRARY_PATH
    SYSTEM_PROPERTIES
    LINUX_SCHEDULERS
    org.neo4j.kernel.Config
    NEO_STORE_VERSIONS
    NEO_STORE_ID_USAGE
    KernelDiagnostics:StoreFiles
2012-01-27 16:36:10.670-0800: System memory information:
    Total Physical memory: 7.55 GB
    Free Physical memory: 2.14 GB
    Committed virtual memory: 4.51 GB
    Total swap space: 21.32 GB
    Free swap space: 21.30 GB
2012-01-27 16:36:10.676-0800: JVM memory information:
    Free  memory: 111.84 MB
    Total memory: 122.69 MB
    Max   memory: 3.56 GB
    Garbage Collector: PS Scavenge: [PS Eden Space, PS Survivor Space]
    Garbage Collector: PS MarkSweep: [PS Eden Space, PS Survivor Space, PS Old Gen, PS Perm Gen]
    Memory Pool: Code Cache (Non-heap memory): committed=2.44 MB, used=451.31 kB, max=48.00 MB, threshold=0.00 B
    Memory Pool: PS Eden Space (Heap memory): committed=32.00 MB, used=10.85 MB, max=1.32 GB, threshold=?
    Memory Pool: PS Survivor Space (Heap memory): committed=5.31 MB, used=0.00 B, max=5.31 MB, threshold=?
    Memory Pool: PS Old Gen (Heap memory): committed=85.38 MB, used=0.00 B, max=2.67 GB, threshold=0.00 B
    Memory Pool: PS Perm Gen (Non-heap memory): committed=20.75 MB, used=7.92 MB, max=166.00 MB, threshold=0.00 B
2012-01-27 16:36:10.683-0800: Operating system information:
    Operating System: Linux; version: 2.6.38-8-generic; arch: amd64; cpus: 8
    Max number of file descriptors: 4096
    Number of open file descriptors: 48
    Process id: 18691@Slice
    Byte order: LITTLE_ENDIAN
2012-01-27 16:36:10.685-0800: JVM information:
    VM Name: OpenJDK 64-Bit Server VM
    VM Vendor: Sun Microsystems Inc.
    VM Version: 20.0-b11
    JIT compiler: HotSpot 64-Bit Tiered Compilers
    VM Arguments: [-Xms128M, -Xmx4G]
2012-01-27 16:36:10.686-0800: Java classpath:
     [bootstrap] /usr/lib/jvm/java-6-openjdk/jre/lib/rhino.jar
     [loader.1] file:/usr/lib/jvm/java-6-openjdk/jre/lib/ext/dnsns.jar
     [classpath + loader.0] file:/usr/local/lib/python2.7/dist-packages/neo4j/javalib/lucene-core-3.5.0.jar
     [classpath + loader.0] file:/usr/local/lib/python2.7/dist-packages/neo4j/javalib/geronimo-jta_1.1_spec-1.1.1.jar
     [loader.1] file:/usr/lib/jvm/java-6-openjdk/jre/lib/ext/localedata.jar
     [loader.1] file:/usr/lib/jvm/java-6-openjdk/jre/lib/ext/sunpkcs11.jar
     [classpath + loader.0] file:/usr/local/lib/python2.7/dist-packages/neo4j/javalib/neo4j-udc-1.6.M03.jar
     [bootstrap] /usr/lib/jvm/java-6-openjdk/jre/lib/sunrsasign.jar
     [loader.1] file:/usr/lib/jvm/java-6-openjdk/jre/lib/ext/pulse-java.jar
     [classpath + loader.0] file:/usr/local/lib/python2.7/dist-packages/neo4j/javalib/neo4j-jmx-1.6.M03.jar
     [bootstrap] /usr/lib/jvm/java-6-openjdk/jre/lib/resources.jar
     [classpath + loader.0] file:/usr/local/lib/python2.7/dist-packages/neo4j/javalib/neo4j-kernel-1.6.M03.jar
     [bootstrap] /usr/lib/jvm/java-6-openjdk/jre/classes
     [bootstrap] /usr/lib/jvm/java-6-openjdk/jre/lib/jsse.jar
     [bootstrap] /usr/lib/jvm/java-6-openjdk/jre/lib/netx.jar
     [loader.1] file:/usr/lib/jvm/java-6-openjdk/jre/lib/ext/sunjce_provider.jar
     [classpath + loader.0] file:/usr/local/lib/python2.7/dist-packages/neo4j/javalib/neo4j-graph-matching-1.6.M03.jar
     [bootstrap] /usr/lib/jvm/java-6-openjdk/jre/lib/modules/jdk.boot.jar
     [bootstrap] /usr/lib/jvm/java-6-openjdk/jre/lib/plugin.jar
     [loader.1] file:/usr/lib/jvm/java-6-openjdk/jre/lib/ext/libjava-access-bridge-jni.so
     [classpath + loader.0] file:/usr/local/lib/python2.7/dist-packages/neo4j/javalib/neo4j-lucene-index-1.6.M03.jar
     [classpath + loader.0] file:/usr/local/lib/python2.7/dist-packages/neo4j/javalib/neo4j-1.6.M03.jar
     [loader.1] file:/usr/lib/jvm/java-6-openjdk/jre/lib/ext/gnome-java-bridge.jar
     [classpath + loader.0] file:/usr/local/lib/python2.7/dist-packages/neo4j/javalib/scala-library-2.9.0-1.jar
     [bootstrap] /usr/lib/jvm/java-6-openjdk/jre/lib/rt.jar
     [classpath + loader.0] file:/usr/local/lib/python2.7/dist-packages/neo4j/javalib/neo4j-graph-algo-1.6.M03.jar
     [bootstrap] /usr/lib/jvm/java-6-openjdk/jre/lib/jce.jar
     [classpath + loader.0] file:/usr/local/lib/python2.7/dist-packages/neo4j/javalib/neo4j-cypher-1.6.M03.jar
     [bootstrap] /usr/lib/jvm/java-6-openjdk/jre/lib/charsets.jar
2012-01-27 16:36:10.687-0800: Library path:
    /usr/java/packages/lib/amd64
    /usr/lib/x86_64-linux-gnu/jni
    /lib/x86_64-linux-gnu
    /usr/lib/x86_64-linux-gnu
    /usr/lib/jni
    /lib
    /usr/lib
2012-01-27 16:36:10.688-0800: System.properties:
    sun.boot.library.path = /usr/lib/jvm/java-6-openjdk/jre/lib/amd64
    path.separator = :
    file.encoding.pkg = sun.io
    user.country = US
    sun.os.patch.level = unknown
    user.dir = /home/ron/littlepy/learning
    sun.jnu.encoding = UTF-8
    sun.management.compiler = HotSpot 64-Bit Tiered Compilers
    user.home = /home/ron
    user.timezone = America/Los_Angeles
    file.encoding = UTF-8
    user.name = ron
    sun.arch.data.model = 64
    user.language = en
    file.separator = /
    sun.io.unicode.encoding = UnicodeLittle
    sun.cpu.endian = little
    sun.desktop = gnome
    sun.cpu.isalist = 
2012-01-27 16:36:10.689-0800: Linux scheduler information:
    none
    none
    none
    none
    none
    none
    none
    none
    none
    none
    none
    none
    none
    none
    none
    none
    none
    none
    none
    none
    none
    none
    none
    none
    noop deadline [cfq] 
    noop deadline [cfq] 
2012-01-27 16:36:10.694-0800: Neo4j Kernel properties:
    store_dir=/home/ron/littlepy/learning/db
    logical_log=/home/ron/littlepy/learning/db/nioneo_logical.log
    node_auto_indexing=false
    neostore.relationshipstore.db.mapped_memory=100M
    neostore.nodestore.db.mapped_memory=20M
    use_memory_mapped_buffers=true
    rebuild_idgenerators_fast=true
    neostore.propertystore.db.index.keys.mapped_memory=1M
    neostore.propertystore.db.arrays.mapped_memory=130M
    neostore.propertystore.db.strings.mapped_memory=130M
    neo_store=/home/ron/littlepy/learning/db/neostore
    neostore.propertystore.db.index.mapped_memory=1M
    create=true
    neostore.propertystore.db.mapped_memory=90M
    relationship_auto_indexing=false
2012-01-27 16:36:10.694-0800: Store versions:
    NeoStore v0.A.0
    NodeStore v0.A.0
    RelationshipStore v0.A.0
    RelationshipTypeStore v0.A.0
    PropertyStore v0.A.0
    PropertyIndexStore v0.A.0
    StringPropertyStore v0.A.0
    ArrayPropertyStore v0.A.0
2012-01-27 16:36:10.695-0800: Id usage:
    NodeStore: used=1 high=0
    RelationshipStore: used=0 high=-1
    RelationshipTypeStore: used=0 high=-1
    PropertyStore: used=0 high=-1
    PropertyIndexStore: used=0 high=-1
    StringPropertyStore: used=1 high=0
    ArrayPropertyStore: used=1 high=0
2012-01-27 16:36:10.696-0800: Storage files:
    tm_tx_log.1: 0.00 B
    lock: 0.00 B
    nioneo_logical.log.1: 16.00 B
    neostore.nodestore.db: 9.00 B
    neostore.id: 9.00 B
    neostore.propertystore.db.index.keys: 38.00 B
    neostore: 54.00 B
    neostore.relationshipstore.db: 0.00 B
    active_tx_log: 11.00 B
    neostore.propertystore.db.arrays: 128.00 B
    neostore.relationshiptypestore.db.id: 9.00 B
    neostore.propertystore.db.strings.id: 9.00 B
    neostore.relationshipstore.db.id: 9.00 B
    neostore.relationshiptypestore.db: 0.00 B
    neostore.propertystore.db.index: 0.00 B
    neostore.propertystore.db.id: 9.00 B
    neostore.nodestore.db.id: 9.00 B
    neostore.propertystore.db: 0.00 B
    neostore.propertystore.db.arrays.id: 9.00 B
    neostore.propertystore.db.index.keys.id: 9.00 B
    neostore.propertystore.db.strings: 128.00 B
    neostore.relationshiptypestore.db.names: 38.00 B
    neostore.propertystore.db.index.id: 9.00 B
    nioneo_logical.log.active: 4.00 B
    neostore.relationshiptypestore.db.names.id: 9.00 B
    index:
      lucene.log.1: 16.00 B
      lucene-store.db: 40.00 B
      lucene.log.active: 4.00 B
    - Total: 60.00 B
    messages.log: 7.67 kB
2012-01-27 16:36:10.700-0800: --- STARTUP diagnostics END ---
2012-01-27 16:36:10.764-0800: Extension org.neo4j.kernel.KernelExtension[kernel jmx] loaded ok
2012-01-27 16:36:10.765-0800: Extension org.neo4j.kernel.KernelExtension[kernel udc] loaded ok
2012-01-27 16:38:11.570-0800: Closed log /home/ron/littlepy/learning/db/nioneo_logical.log
2012-01-27 16:38:11.590-0800: NeoStore closed
2012-01-27 16:38:11.606-0800: Closed log /home/ron/littlepy/learning/db/index/lucene.log
2012-01-27 16:38:11.606-0800: NeoStore closed
2012-01-27 16:38:11.607-0800: TM shutting down
2012-02-29 12:11:44.071-0800: Opened [/home/ron/littlepy/learning/db/nioneo_logical.log.1] clean empty log, version=0, lastTxId=12780
2012-02-29 12:11:44.099-0800: Opened [/home/ron/littlepy/learning/db/index/lucene.log.1] clean empty log, version=0, lastTxId=4
2012-02-29 12:11:44.101-0800: TM opening log: /home/ron/littlepy/learning/db/tm_tx_log.1
2012-02-29 12:11:44.117-0800: --- CONFIGURATION START ---
2012-02-29 12:11:44.117-0800: Graph Database: org.neo4j.kernel.EmbeddedGraphDatabase StoreId[time:1327710970501, id:-5155373205136904140, store version: 13561656364791302]
2012-02-29 12:11:44.117-0800: Physical mem: 7726MB, Heap size: 1717MB
2012-02-29 12:11:44.118-0800: Kernel version: Neo4j - Graph Database Kernel 1.6.M02
2012-02-29 12:11:44.118-0800: Neo4j component versions:
2012-02-29 12:11:44.119-0800:   Neo4j - Graph Database Kernel 1.6.M02
2012-02-29 12:11:44.119-0800: Store versions:
2012-02-29 12:11:44.119-0800:   NeoStore v0.A.0
2012-02-29 12:11:44.119-0800:   NodeStore v0.A.0
2012-02-29 12:11:44.119-0800:   RelationshipStore v0.A.0
2012-02-29 12:11:44.119-0800:   RelationshipTypeStore v0.A.0
2012-02-29 12:11:44.119-0800:   PropertyStore v0.A.0
2012-02-29 12:11:44.119-0800:   PropertyIndexStore v0.A.0
2012-02-29 12:11:44.119-0800:   StringPropertyStore v0.A.0
2012-02-29 12:11:44.119-0800:   ArrayPropertyStore v0.A.0
2012-02-29 12:11:44.120-0800: Process id: 14907@Slice
2012-02-29 12:11:44.123-0800: Operating System: Linux; version: 2.6.38-13-generic; arch: amd64; cpus: 8
2012-02-29 12:11:44.123-0800: Max number of file descriptors: 4096
2012-02-29 12:11:44.123-0800: Number of open file descriptors: 151
2012-02-29 12:11:44.124-0800: Total Physical memory: 7.55 GB
2012-02-29 12:11:44.125-0800: Free Physical memory: 51.70 MB
2012-02-29 12:11:44.125-0800: Committed virtual memory: 2.43 GB
2012-02-29 12:11:44.125-0800: Total swap space: 21.32 GB
2012-02-29 12:11:44.125-0800: Free swap space: 20.68 GB
2012-02-29 12:11:44.125-0800: Byte order: LITTLE_ENDIAN
2012-02-29 12:11:44.126-0800: VM Name: OpenJDK 64-Bit Server VM
2012-02-29 12:11:44.126-0800: VM Vendor: Sun Microsystems Inc.
2012-02-29 12:11:44.126-0800: VM Version: 20.0-b11
2012-02-29 12:11:44.126-0800: JIT compiler: HotSpot 64-Bit Tiered Compilers
2012-02-29 12:11:44.127-0800: Class Path:
2012-02-29 12:11:44.127-0800:    [bootstrap] /usr/lib/jvm/java-6-openjdk/jre/lib/rhino.jar
2012-02-29 12:11:44.127-0800:    [bootstrap] /usr/lib/jvm/java-6-openjdk/jre/lib/rt.jar
2012-02-29 12:11:44.127-0800:    [classpath] /home/ron/neoclipse/plugins/org.eclipse.equinox.launcher_1.2.0.v20110502.jar
2012-02-29 12:11:44.127-0800:    [bootstrap] /usr/lib/jvm/java-6-openjdk/jre/lib/jce.jar
2012-02-29 12:11:44.127-0800:    [bootstrap] /usr/lib/jvm/java-6-openjdk/jre/lib/resources.jar
2012-02-29 12:11:44.127-0800:    [bootstrap] /usr/lib/jvm/java-6-openjdk/jre/classes
2012-02-29 12:11:44.127-0800:    [bootstrap] /usr/lib/jvm/java-6-openjdk/jre/lib/jsse.jar
2012-02-29 12:11:44.127-0800:    [bootstrap] /usr/lib/jvm/java-6-openjdk/jre/lib/netx.jar
2012-02-29 12:11:44.127-0800:    [bootstrap] /usr/lib/jvm/java-6-openjdk/jre/lib/charsets.jar
2012-02-29 12:11:44.127-0800:    [bootstrap] /usr/lib/jvm/java-6-openjdk/jre/lib/sunrsasign.jar
2012-02-29 12:11:44.127-0800:    [bootstrap] /usr/lib/jvm/java-6-openjdk/jre/lib/modules/jdk.boot.jar
2012-02-29 12:11:44.127-0800:    [bootstrap] /usr/lib/jvm/java-6-openjdk/jre/lib/plugin.jar
2012-02-29 12:11:44.127-0800: Library Path:
2012-02-29 12:11:44.127-0800:   /usr/lib/jvm/java-6-openjdk/jre/lib/amd64/server
2012-02-29 12:11:44.127-0800:   /usr/lib/jvm/java-6-openjdk/jre/lib/amd64
2012-02-29 12:11:44.127-0800:   /usr/lib/jvm/java-6-openjdk/lib/amd64
2012-02-29 12:11:44.127-0800:   /usr/java/packages/lib/amd64
2012-02-29 12:11:44.128-0800:   /usr/lib/x86_64-linux-gnu/jni
2012-02-29 12:11:44.128-0800:   /lib/x86_64-linux-gnu
2012-02-29 12:11:44.128-0800:   /usr/lib/x86_64-linux-gnu
2012-02-29 12:11:44.128-0800:   /usr/lib/jni
2012-02-29 12:11:44.128-0800:   /lib
2012-02-29 12:11:44.128-0800:   /usr/lib
2012-02-29 12:11:44.130-0800: Garbage Collector: PS Scavenge: [PS Eden Space, PS Survivor Space]
2012-02-29 12:11:44.131-0800: Garbage Collector: PS MarkSweep: [PS Eden Space, PS Survivor Space, PS Old Gen, PS Perm Gen]
2012-02-29 12:11:44.131-0800: Memory Pool: Code Cache (Non-heap memory): committed=2.44 MB, used=1.29 MB, max=48.00 MB, threshold=0.00 B
2012-02-29 12:11:44.131-0800: Memory Pool: PS Eden Space (Heap memory): committed=30.25 MB, used=6.07 MB, max=634.00 MB, threshold=?
2012-02-29 12:11:44.132-0800: Memory Pool: PS Survivor Space (Heap memory): committed=5.00 MB, used=4.99 MB, max=5.00 MB, threshold=?
2012-02-29 12:11:44.132-0800: Memory Pool: PS Old Gen (Heap memory): committed=80.50 MB, used=3.83 MB, max=1.26 GB, threshold=0.00 B
2012-02-29 12:11:44.133-0800: Memory Pool: PS Perm Gen (Non-heap memory): committed=35.75 MB, used=35.66 MB, max=166.00 MB, threshold=0.00 B
2012-02-29 12:11:44.133-0800: VM Arguments: []
2012-02-29 12:11:44.133-0800: System properties:
2012-02-29 12:11:44.133-0800:   osgi.bundles.defaultStartLevel = 4
2012-02-29 12:11:44.133-0800:   sun.java.launcher = SUN_STANDARD
2012-02-29 12:11:44.133-0800:   org.osgi.supports.framework.extension = true
2012-02-29 12:11:44.133-0800:   sun.management.compiler = HotSpot 64-Bit Tiered Compilers
2012-02-29 12:11:44.133-0800:   eclipse.p2.profile = profile
2012-02-29 12:11:44.133-0800:   osgi.ws = gtk
2012-02-29 12:11:44.133-0800:   osgi.instance.area = file:/home/ron/neoclipse/neoclipse-workspace/
2012-02-29 12:11:44.133-0800:   org.osgi.framework.uuid = b0f6c496-1163-0011-1b87-f6c9b6ff8391
2012-02-29 12:11:44.133-0800:   user.name = root
2012-02-29 12:11:44.133-0800:   osgi.framework.extensions = reference:file:javax.transaction_1.1.1.v201105210645.jar,reference:file:org.eclipse.equinox.weaving.hook_1.0.100.HEAD.jar
2012-02-29 12:11:44.133-0800:   org.osgi.framework.system.packages = javax.accessibility,javax.activation,javax.activity,javax.annotation,javax.annotation.processing,javax.crypto,javax.crypto.interfaces,javax.crypto.spec,javax.imageio,javax.imageio.event,javax.imageio.metadata,javax.imageio.plugins.bmp,javax.imageio.plugins.jpeg,javax.imageio.spi,javax.imageio.stream,javax.jws,javax.jws.soap,javax.lang.model,javax.lang.model.element,javax.lang.model.type,javax.lang.model.util,javax.management,javax.management.loading,javax.management.modelmbean,javax.management.monitor,javax.management.openmbean,javax.management.relation,javax.management.remote,javax.management.remote.rmi,javax.management.timer,javax.naming,javax.naming.directory,javax.naming.event,javax.naming.ldap,javax.naming.spi,javax.net,javax.net.ssl,javax.print,javax.print.attribute,javax.print.attribute.standard,javax.print.event,javax.rmi,javax.rmi.CORBA,javax.rmi.ssl,javax.script,javax.security.auth,javax.security.auth.callback,javax.security.auth.kerberos,javax.security.auth.login,javax.security.auth.spi,javax.security.auth.x500,javax.security.cert,javax.security.sasl,javax.sound.midi,javax.sound.midi.spi,javax.sound.sampled,javax.sound.sampled.spi,javax.sql,javax.sql.rowset,javax.sql.rowset.serial,javax.sql.rowset.spi,javax.swing,javax.swing.border,javax.swing.colorchooser,javax.swing.event,javax.swing.filechooser,javax.swing.plaf,javax.swing.plaf.basic,javax.swing.plaf.metal,javax.swing.plaf.multi,javax.swing.plaf.synth,javax.swing.table,javax.swing.text,javax.swing.text.html,javax.swing.text.html.parser,javax.swing.text.rtf,javax.swing.tree,javax.swing.undo,javax.tools,javax.transaction,javax.transaction.xa,javax.xml,javax.xml.bind,javax.xml.bind.annotation,javax.xml.bind.annotation.adapters,javax.xml.bind.attachment,javax.xml.bind.helpers,javax.xml.bind.util,javax.xml.crypto,javax.xml.crypto.dom,javax.xml.crypto.dsig,javax.xml.crypto.dsig.dom,javax.xml.crypto.dsig.keyinfo,javax.xml.crypto.dsig.spec,javax.xml.datatype,javax.xml.namespace,javax.xml.parsers,javax.xml.soap,javax.xml.stream,javax.xml.stream.events,javax.xml.stream.util,javax.xml.transform,javax.xml.transform.dom,javax.xml.transform.sax,javax.xml.transform.stax,javax.xml.transform.stream,javax.xml.validation,javax.xml.ws,javax.xml.ws.handler,javax.xml.ws.handler.soap,javax.xml.ws.http,javax.xml.ws.soap,javax.xml.ws.spi,javax.xml.ws.wsaddressing,javax.xml.xpath,org.ietf.jgss,org.omg.CORBA,org.omg.CORBA_2_3,org.omg.CORBA_2_3.portable,org.omg.CORBA.DynAnyPackage,org.omg.CORBA.ORBPackage,org.omg.CORBA.portable,org.omg.CORBA.TypeCodePackage,org.omg.CosNaming,org.omg.CosNaming.NamingContextExtPackage,org.omg.CosNaming.NamingContextPackage,org.omg.Dynamic,org.omg.DynamicAny,org.omg.DynamicAny.DynAnyFactoryPackage,org.omg.DynamicAny.DynAnyPackage,org.omg.IOP,org.omg.IOP.CodecFactoryPackage,org.omg.IOP.CodecPackage,org.omg.Messaging,org.omg.PortableInterceptor,org.omg.PortableInterceptor.ORBInitInfoPackage,org.omg.PortableServer,org.omg.PortableServer.CurrentPackage,org.omg.PortableServer.POAManagerPackage,org.omg.PortableServer.POAPackage,org.omg.PortableServer.portable,org.omg.PortableServer.ServantLocatorPackage,org.omg.SendingContext,org.omg.stub.java.rmi,org.w3c.dom,org.w3c.dom.bootstrap,org.w3c.dom.css,org.w3c.dom.events,org.w3c.dom.html,org.w3c.dom.ls,org.w3c.dom.ranges,org.w3c.dom.stylesheets,org.w3c.dom.traversal,org.w3c.dom.views,org.w3c.dom.xpath,org.xml.sax,org.xml.sax.ext,org.xml.sax.helpers
2012-02-29 12:11:44.133-0800:   eclipse.launcher = /home/ron/neoclipse/neoclipse
2012-02-29 12:11:44.133-0800:   eclipse.launcher.name = Neoclipse
2012-02-29 12:11:44.133-0800:   org.osgi.framework.language = en
2012-02-29 12:11:44.133-0800:   osgi.frameworkClassPath = ., file:/home/ron/neoclipse/plugins/javax.transaction_1.1.1.v201105210645.jar, file:/home/ron/neoclipse/plugins/org.eclipse.equinox.weaving.hook_1.0.100.HEAD.jar
2012-02-29 12:11:44.133-0800:   user.language = en
2012-02-29 12:11:44.133-0800:   org.osgi.framework.processor = x86-64
2012-02-29 12:11:44.133-0800:   osgi.syspath = /home/ron/neoclipse/plugins
2012-02-29 12:11:44.133-0800:   sun.boot.library.path = /usr/lib/jvm/java-6-openjdk/jre/lib/amd64
2012-02-29 12:11:44.134-0800:   org.osgi.framework.system.capabilities = osgi.ee; osgi.ee="OSGi/Minimum"; version:List<Version>="1.0, 1.1, 1.2",osgi.ee; osgi.ee="JavaSE"; version:List<Version>="1.0, 1.1, 1.2, 1.3, 1.4, 1.5, 1.6"
2012-02-29 12:11:44.134-0800:   osgi.manifest.cache = /home/ron/neoclipse/configuration/org.eclipse.osgi/manifests
2012-02-29 12:11:44.134-0800:   org.osgi.framework.os.name = Linux
2012-02-29 12:11:44.134-0800:   user.timezone = America/Los_Angeles
2012-02-29 12:11:44.134-0800:   sun.arch.data.model = 64
2012-02-29 12:11:44.134-0800:   osgi.bundles = reference:file:javax.transaction_1.1.1.v201105210645.jar,reference:file:org.eclipse.equinox.weaving.hook_1.0.100.HEAD.jar,reference:file:ch.qos.logback.classic_0.9.27.v20110224-1110.jar@4,reference:file:ch.qos.logback.core_0.9.27.v20110224-1110.jar@4,reference:file:ch.qos.logback.slf4j_0.9.27.v20110224-1110.jar@4,reference:file:com.ibm.icu_4.4.2.v20110208.jar@4,reference:file:com.ning.async-http-client_1.6.3.201108040830.jar@4,reference:file:com.springsource.javax.jms_1.1.0.jar@4,reference:file:javax.activation_1.1.0.v201105071233.jar@4,reference:file:javax.mail_1.4.0.v201005080615.jar@4,reference:file:javax.servlet_2.5.0.v201103041518.jar@4,reference:file:javax.servlet.jsp_2.0.0.v201101211617.jar@4,reference:file:javax.xml_1.3.4.v201005080400.jar@4,reference:file:org.apache.ant_1.8.2.v20110505-1300/@4,reference:file:org.apache.commons.el_1.0.0.v201101211617.jar@4,reference:file:org.apache.commons.logging_1.0.4.v201101211617.jar@4,reference:file:org.apache.jasper_5.5.17.v201101211617.jar@4,reference:file:org.apache.lucene_2.9.1.v201101211721.jar@4,reference:file:org.apache.lucene.analysis_2.9.1.v201101211721.jar@4,reference:file:org.apache.lucene.core_2.9.1.v201101211721.jar@4,reference:file:org.apache.lucene.highlighter_2.9.1.v20100421-0704.jar@4,reference:file:org.apache.lucene.memory_2.9.1.v20100421-0704.jar@4,reference:file:org.apache.lucene.misc_2.9.1.v20100421-0704.jar@4,reference:file:org.apache.lucene.queries_2.9.1.v20100421-0704.jar@4,reference:file:org.apache.lucene.snowball_2.9.1.v20100421-0704.jar@4,reference:file:org.apache.lucene.spellchecker_2.9.1.v20100421-0704.jar@4,reference:file:org.apache.xerces_2.9.0.v201101211617.jar@4,reference:file:org.apache.xml.resolver_1.2.0.v201005080400.jar@4,reference:file:org.apache.xml.serializer_2.7.1.v201005080400.jar@4,reference:file:org.eclipse.ant.core_3.2.300.v20110511.jar@4,reference:file:org.eclipse.compare_3.5.200.I20110525-0800.jar@4,reference:file:org.eclipse.compare.core_3.5.200.I20110208-0800.jar@4,reference:file:org.eclipse.core.commands_3.6.0.I20110111-0800.jar@4,reference:file:org.eclipse.core.contenttype_3.4.100.v20110423-0524.jar@4,reference:file:org.eclipse.core.databinding_1.4.0.I20110111-0800.jar@4,reference:file:org.eclipse.core.databinding.observable_1.4.0.I20110222-0800.jar@4,reference:file:org.eclipse.core.databinding.property_1.4.0.I20110222-0800.jar@4,reference:file:org.eclipse.core.expressions_3.4.300.v20110228.jar@4,reference:file:org.eclipse.core.filebuffers_3.5.200.v20110505-0800.jar@4,reference:file:org.eclipse.core.filesystem_1.3.100.v20110423-0524.jar@4,reference:file:org.eclipse.core.filesystem.linux.x86_64_1.2.0.v20110423-0524.jar@4,reference:file:org.eclipse.core.jobs_3.5.100.v20110404.jar@4,reference:file:org.eclipse.core.net_1.2.100.I20110511-0800.jar@4,reference:file:org.eclipse.core.net.linux.x86_64_1.1.0.I20110331-0827.jar@4,reference:file:org.eclipse.core.resources_3.7.100.v20110510-0712.jar@4,reference:file:org.eclipse.core.runtime_3.7.0.v20110110.jar@4:start,reference:file:org.eclipse.core.runtime.compatibility_3.2.100.v20100505.jar@4,reference:file:org.eclipse.core.runtime.compatibility.auth_3.2.200.v20110110.jar@4,reference:file:org.eclipse.core.runtime.compatibility.registry_3.5.0.v20110505/@4,reference:file:org.eclipse.core.variables_3.2.500.v20110511.jar@4,reference:file:org.eclipse.draw2d_3.7.1.v20110830-1143.jar@4,reference:file:org.eclipse.emf.common_2.7.0.v20110912-0920.jar@4,reference:file:org.eclipse.emf.ecore_2.7.0.v20110912-0920.jar@4,reference:file:org.eclipse.emf.ecore.change_2.7.1.v20110829-1916.jar@4,reference:file:org.eclipse.emf.ecore.edit_2.7.0.v20110913-1156.jar@4,reference:file:org.eclipse.emf.ecore.xmi_2.7.0.v20110520-1406.jar@4,reference:file:org.eclipse.emf.edit_2.7.1.v20110913-1526.jar@4,reference:file:org.eclipse.equinox.app_1.3.100.v20110321.jar@4,reference:file:org.eclipse.equinox.common_3.6.0.v20110523.jar@2:start,reference:file:org.eclipse.equinox.http.jetty_2.0.100.v20110502.jar@4,reference:file:org.eclipse.equinox.http.registry_1.1.100.v20110502.jar@4,reference:file:org.eclipse.equinox.http.servlet_1.1.200.v20110502.jar@4,reference:file:org.eclipse.equinox.jsp.jasper_1.0.300.v20110502.jar@4,reference:file:org.eclipse.equinox.jsp.jasper.registry_1.0.200.v20100503.jar@4,reference:file:org.eclipse.equinox.launcher_1.2.0.v20110502.jar@4,reference:file:org.eclipse.equinox.launcher.gtk.linux.x86_64_1.1.100.v20110505/@4,reference:file:org.eclipse.equinox.p2.core_2.1.0.v20110502-1955.jar@4,reference:file:org.eclipse.equinox.p2.engine_2.1.0.v20110511.jar@4,reference:file:org.eclipse.equinox.p2.metadata_2.1.0.v20110510.jar@4,reference:file:org.eclipse.equinox.p2.metadata.repository_1.2.0.v20110511-1359.jar@4,reference:file:org.eclipse.equinox.p2.repository_2.1.0.v20110601.jar@4,reference:file:org.eclipse.equinox.preferences_3.4.0.v20110502.jar@4,reference:file:org.eclipse.equinox.registry_3.5.100.v20110502.jar@4,reference:file:org.eclipse.equinox.security_1.1.0.v20110502.jar@4,reference:file:org.eclipse.gef_3.7.1.v20110830-1143.jar@4,reference:file:org.eclipse.help_3.5.100.v20110426.jar@4,reference:file:org.eclipse.help.appserver_3.1.400.v20110425.jar@4,reference:file:org.eclipse.help.base_3.6.0.v201106131736.jar@4,reference:file:org.eclipse.help.ui_3.5.100.v20110425.jar@4,reference:file:org.eclipse.help.webapp_3.6.0.v20110518.jar@4,reference:file:org.eclipse.jem.util_2.1.100.v201103021400.jar@4,reference:file:org.eclipse.jface_3.7.0.I20110522-1430.jar@4,reference:file:org.eclipse.jface.databinding_1.5.0.I20100907-0800.jar@4,reference:file:org.eclipse.jface.text_3.7.0.v20110505-0800.jar@4,reference:file:org.eclipse.ltk.core.refactoring_3.5.200.v20110505-0800.jar@4,reference:file:org.eclipse.ltk.ui.refactoring_3.6.0.v20110505-0800.jar@4,reference:file:org.eclipse.m2e.archetype.common_1.0.100.20110804-1717/@4,reference:file:org.eclipse.m2e.core_1.0.100.20110804-1717.jar@4,reference:file:org.eclipse.m2e.core.ui_1.0.100.20110804-1717.jar@4,reference:file:org.eclipse.m2e.logback.appender_1.0.100.20110804-1717.jar@4,reference:file:org.eclipse.m2e.maven.indexer_1.0.100.20110804-1717/@4,reference:file:org.eclipse.m2e.maven.runtime_1.0.100.20110804-1717/@4,reference:file:org.eclipse.m2e.model.edit_1.0.100.20110804-1717.jar@4,reference:file:org.eclipse.osgi.services_3.3.0.v20110513.jar@4,reference:file:org.eclipse.osgi.util_3.2.200.v20110110.jar@4,reference:file:org.eclipse.platform_3.7.0.v201106131736/@4,reference:file:org.eclipse.search_3.7.0.v20110505-0800.jar@4,reference:file:org.eclipse.swt_3.7.0.v3735b.jar@4,reference:file:org.eclipse.swt.gtk.linux.x86_64_3.7.1.v3738a.jar@4,reference:file:org.eclipse.team.core_3.6.0.I20110525-0800.jar@4,reference:file:org.eclipse.team.ui_3.6.100.I20110525-0800.jar@4,reference:file:org.eclipse.text_3.5.100.v20110505-0800.jar@4,reference:file:org.eclipse.ui_3.7.0.I20110602-0100.jar@4,reference:file:org.eclipse.ui.cheatsheets_3.4.100.v20110425.jar@4,reference:file:org.eclipse.ui.console_3.5.100.v20110511.jar@4,reference:file:org.eclipse.ui.editors_3.7.0.v20110517-0800.jar@4,reference:file:org.eclipse.ui.forms_3.5.100.v20110425.jar@4,reference:file:org.eclipse.ui.ide_3.7.0.I20110519-0100.jar@4,reference:file:org.eclipse.ui.ide.application_1.0.300.I20110306-2000.jar@4,reference:file:org.eclipse.ui.intro_3.4.100.v20110425.jar@4,reference:file:org.eclipse.ui.intro.universal_3.2.500.v20110510/@4,reference:file:org.eclipse.ui.navigator_3.5.100.I20110524-0800.jar@4,reference:file:org.eclipse.ui.navigator.resources_3.4.300.I20110421-1800.jar@4,reference:file:org.eclipse.ui.views_3.6.0.I20110412-0800.jar@4,reference:file:org.eclipse.ui.views.properties.tabbed_3.5.200.I20110201-0800.jar@4,reference:file:org.eclipse.ui.workbench_3.7.0.I20110519-0100.jar@4,reference:file:org.eclipse.ui.workbench.texteditor_3.7.0.v20110505-0800.jar@4,reference:file:org.eclipse.update.configurator_3.3.100.v20100512.jar@4,reference:file:org.eclipse.update.core_3.2.500.v20110330.jar@4,reference:file:org.eclipse.update.ui_3.2.300.v20100512.jar@4,reference:file:org.eclipse.wst.common.core_1.2.0.v200908252030.jar@4,reference:file:org.eclipse.wst.common.emf_1.2.100.v201101101900.jar@4,reference:file:org.eclipse.wst.common.emfworkbench.integration_1.2.101.v201107140600.jar@4,reference:file:org.eclipse.wst.common.environment_1.0.400.v200912181832.jar@4,reference:file:org.eclipse.wst.common.frameworks_1.2.101.v201107192200.jar@4,reference:file:org.eclipse.wst.common.project.facet.core_1.4.200.v201103170332.jar@4,reference:file:org.eclipse.wst.common.uriresolver_1.1.401.v201004280700.jar@4,reference:file:org.eclipse.wst.sse.core_1.1.601.v201108151912.jar@4,reference:file:org.eclipse.wst.validation_1.2.302.v201107140600.jar@4,reference:file:org.eclipse.wst.xml.core_1.1.601.v201108302147.jar@4,reference:file:org.eclipse.wst.xsd.core_1.1.600.v201104070312.jar@4,reference:file:org.eclipse.xsd_2.7.0.v20110606-0949.jar@4,reference:file:org.eclipse.zest.core_1.3.0.v20110221-2050.jar@4,reference:file:org.eclipse.zest.layouts_1.1.0.v20110425-2050.jar@4,reference:file:org.hamcrest.core_1.1.0.v20090501071000.jar@4,reference:file:org.jboss.netty_3.2.4.Final-201108040830.jar@4,reference:file:org.junit_4.8.2.v4_8_2_v20110321-1705/@4,reference:file:org.junit4_4.8.1.v20100525/@4,reference:file:org.mortbay.jetty.server_6.1.23.v201012071420.jar@4,reference:file:org.mortbay.jetty.util_6.1.23.v201012071420.jar@4,reference:file:org.neo4j.neoclipse_1.6.0.jar@4,reference:file:org.neo4j.neoclipse.doc_1.6.0.jar@4,reference:file:org.slf4j.api_1.6.1.v20100831-0715.jar@4
2012-02-29 12:11:44.134-0800:   osgi.tracefile = /home/ron/neoclipse/neoclipse-workspace/.metadata/trace.log
2012-02-29 12:11:44.134-0800:   sun.cpu.isalist = 
2012-02-29 12:11:44.134-0800:   sun.jnu.encoding = UTF-8
2012-02-29 12:11:44.134-0800:   eclipse.application = org.neo4j.neoclipse.application
2012-02-29 12:11:44.134-0800:   file.encoding.pkg = sun.io
2012-02-29 12:11:44.134-0800:   org.osgi.framework.vendor = Eclipse
2012-02-29 12:11:44.134-0800:   file.separator = /
2012-02-29 12:11:44.134-0800:   user.country = US
2012-02-29 12:11:44.134-0800:   org.eclipse.equinox.launcher.splash.location = /home/ron/neoclipse/configuration/org.eclipse.equinox.launcher/org.neo4j.neoclipse_1.6.0/splash.bmp
2012-02-29 12:11:44.134-0800:   osgi.os = linux
2012-02-29 12:11:44.134-0800:   eclipse.commands = -os
linux
-ws
gtk
-arch
x86_64
-showsplash
-launcher
/home/ron/neoclipse/neoclipse
-name
Neoclipse
--launcher.library
/home/ron/neoclipse//plugins/org.eclipse.equinox.launcher.gtk.linux.x86_64_1.1.100.v20110505/eclipse_1407.so
-startup
/home/ron/neoclipse//plugins/org.eclipse.equinox.launcher_1.2.0.v20110502.jar
--launcher.overrideVmargs
-exitdata
44348045
-data
@noDefault
-vm
/usr/bin/java

2012-02-29 12:11:44.134-0800:   osgi.splashLocation = /home/ron/neoclipse/configuration/org.eclipse.equinox.launcher/org.neo4j.neoclipse_1.6.0/splash.bmp
2012-02-29 12:11:44.134-0800:   osgi.arch = x86_64
2012-02-29 12:11:44.134-0800:   path.separator = :
2012-02-29 12:11:44.134-0800:   org.osgi.supports.framework.fragment = true
2012-02-29 12:11:44.134-0800:   osgi.framework.shape = jar
2012-02-29 12:11:44.134-0800:   sun.io.unicode.encoding = UnicodeLittle
2012-02-29 12:11:44.134-0800:   org.osgi.framework.version = 1.6.0
2012-02-29 12:11:44.134-0800:   osgi.install.area = file:/home/ron/neoclipse/
2012-02-29 12:11:44.134-0800:   osgi.framework = file:/home/ron/neoclipse/plugins/org.eclipse.osgi_3.7.0.v20110613.jar
2012-02-29 12:11:44.134-0800:   user.home = /root
2012-02-29 12:11:44.134-0800:   osgi.bundlestore = /home/ron/neoclipse/configuration/org.eclipse.osgi/bundles
2012-02-29 12:11:44.135-0800:   osgi.splashPath = platform:/base/plugins/org.neo4j.neoclipse
2012-02-29 12:11:44.135-0800:   osgi.nl = en_US
2012-02-29 12:11:44.135-0800:   org.osgi.framework.os.version = 2.6.38
2012-02-29 12:11:44.135-0800:   eclipse.startTime = 1330546298945
2012-02-29 12:11:44.135-0800:   eclipse.p2.data.area = @config.dir/../p2
2012-02-29 12:11:44.135-0800:   sun.java.command = /home/ron/neoclipse//plugins/org.eclipse.equinox.launcher_1.2.0.v20110502.jar -os linux -ws gtk -arch x86_64 -showsplash -launcher /home/ron/neoclipse/neoclipse -name Neoclipse --launcher.library /home/ron/neoclipse//plugins/org.eclipse.equinox.launcher.gtk.linux.x86_64_1.1.100.v20110505/eclipse_1407.so -startup /home/ron/neoclipse//plugins/org.eclipse.equinox.launcher_1.2.0.v20110502.jar --launcher.overrideVmargs -exitdata 44348045 -data @noDefault -vm /usr/bin/java -vmargs -jar /home/ron/neoclipse//plugins/org.eclipse.equinox.launcher_1.2.0.v20110502.jar
2012-02-29 12:11:44.135-0800:   org.eclipse.update.reconcile = false
2012-02-29 12:11:44.135-0800:   eclipse.vm = /usr/bin/java
2012-02-29 12:11:44.135-0800:   sun.cpu.endian = little
2012-02-29 12:11:44.135-0800:   sun.os.patch.level = unknown
2012-02-29 12:11:44.135-0800:   eclipse.product = org.neo4j.neoclipse.neoclipseProduct
2012-02-29 12:11:44.135-0800:   eclipse.home.location = file:/home/ron/neoclipse/
2012-02-29 12:11:44.135-0800:   user.dir = /home/ron/littlepy
2012-02-29 12:11:44.135-0800:   org.osgi.supports.framework.requirebundle = true
2012-02-29 12:11:44.135-0800:   file.encoding = UTF-8
2012-02-29 12:11:44.135-0800:   osgi.framework.version = 3.7.0.v20110613
2012-02-29 12:11:44.135-0800:   eclipse.vmargs = -jar
/home/ron/neoclipse//plugins/org.eclipse.equinox.launcher_1.2.0.v20110502.jar

2012-02-29 12:11:44.135-0800:   org.osgi.framework.executionenvironment = OSGi/Minimum-1.0,OSGi/Minimum-1.1,OSGi/Minimum-1.2,JRE-1.1,J2SE-1.2,J2SE-1.3,J2SE-1.4,J2SE-1.5,JavaSE-1.6
2012-02-29 12:11:44.135-0800:   osgi.logfile = /home/ron/neoclipse/neoclipse-workspace/.metadata/.log
2012-02-29 12:11:44.135-0800:   osgi.configuration.area = file:/home/ron/neoclipse/configuration/
2012-02-29 12:11:44.135-0800: Neo4j Kernel properties:
2012-02-29 12:11:44.135-0800:   store_dir=/home/ron/littlepy/learning/db
2012-02-29 12:11:44.135-0800:   logical_log=/home/ron/littlepy/learning/db/nioneo_logical.log
2012-02-29 12:11:44.135-0800:   node_auto_indexing=false
2012-02-29 12:11:44.135-0800:   neostore.relationshipstore.db.mapped_memory=100M
2012-02-29 12:11:44.135-0800:   neostore.nodestore.db.mapped_memory=20M
2012-02-29 12:11:44.135-0800:   use_memory_mapped_buffers=true
2012-02-29 12:11:44.135-0800:   rebuild_idgenerators_fast=true
2012-02-29 12:11:44.135-0800:   neostore.propertystore.db.index.keys.mapped_memory=1M
2012-02-29 12:11:44.135-0800:   neostore.propertystore.db.arrays.mapped_memory=130M
2012-02-29 12:11:44.135-0800:   neostore.propertystore.db.strings.mapped_memory=130M
2012-02-29 12:11:44.135-0800:   neo_store=/home/ron/littlepy/learning/db/neostore
2012-02-29 12:11:44.135-0800:   neostore.propertystore.db.index.mapped_memory=1M
2012-02-29 12:11:44.135-0800:   create=true
2012-02-29 12:11:44.136-0800:   neostore.propertystore.db.mapped_memory=90M
2012-02-29 12:11:44.136-0800:   relationship_auto_indexing=false
2012-02-29 12:11:44.136-0800: Storage files:
2012-02-29 12:11:44.136-0800:   tm_tx_log.1: 0.00 B
2012-02-29 12:11:44.136-0800:   tm_tx_log.2: 28.68 kB
2012-02-29 12:11:44.136-0800:   lock: 0.00 B
2012-02-29 12:11:44.136-0800:   nioneo_logical.log.1: 16.00 B
2012-02-29 12:11:44.136-0800:   neostore.nodestore.db: 216.00 B
2012-02-29 12:11:44.137-0800:   neostore.id: 9.00 B
2012-02-29 12:11:44.137-0800:   neostore.propertystore.db.index.keys: 1.00 kB
2012-02-29 12:11:44.137-0800:   neostore: 54.00 B
2012-02-29 12:11:44.137-0800:   neostore.relationshipstore.db: 5.00 kB
2012-02-29 12:11:44.137-0800:   active_tx_log: 11.00 B
2012-02-29 12:11:44.137-0800:   neostore.propertystore.db.arrays: 128.00 B
2012-02-29 12:11:44.137-0800:   neostore.relationshiptypestore.db.id: 9.00 B
2012-02-29 12:11:44.137-0800:   neostore.propertystore.db.strings.id: 9.00 B
2012-02-29 12:11:44.137-0800:   neostore.relationshipstore.db.id: 9.00 B
2012-02-29 12:11:44.137-0800:   neostore.relationshiptypestore.db: 30.00 B
2012-02-29 12:11:44.137-0800:   neostore.propertystore.db.index: 1.02 kB
2012-02-29 12:11:44.138-0800:   neostore.propertystore.db.id: 9.00 B
2012-02-29 12:11:44.138-0800:   neostore.nodestore.db.id: 9.00 B
2012-02-29 12:11:44.138-0800:   neostore.propertystore.db: 8.53 kB
2012-02-29 12:11:44.138-0800:   neostore.propertystore.db.arrays.id: 9.00 B
2012-02-29 12:11:44.138-0800:   neostore.propertystore.db.index.keys.id: 9.00 B
2012-02-29 12:11:44.138-0800:   neostore.propertystore.db.strings: 128.00 B
2012-02-29 12:11:44.138-0800:   neostore.relationshiptypestore.db.names: 266.00 B
2012-02-29 12:11:44.138-0800:   neostore.propertystore.db.index.id: 9.00 B
2012-02-29 12:11:44.138-0800:   nioneo_logical.log.active: 4.00 B
2012-02-29 12:11:44.138-0800:   neostore.relationshiptypestore.db.names.id: 9.00 B
2012-02-29 12:11:44.138-0800:   index:
2012-02-29 12:11:44.138-0800:     lucene:
2012-02-29 12:11:44.138-0800:       node:
2012-02-29 12:11:44.139-0800:         items:
2012-02-29 12:11:44.139-0800:           _0.nrm: 24.00 B
2012-02-29 12:11:44.139-0800:           _0.fdt: 99.00 B
2012-02-29 12:11:44.139-0800:           _0.fnm: 21.00 B
2012-02-29 12:11:44.139-0800:           _0.frq: 20.00 B
2012-02-29 12:11:44.139-0800:           _0.tis: 165.00 B
2012-02-29 12:11:44.139-0800:           _0.prx: 20.00 B
2012-02-29 12:11:44.139-0800:           _0.fdx: 84.00 B
2012-02-29 12:11:44.139-0800:           segments.gen: 20.00 B
2012-02-29 12:11:44.139-0800:           _0.tii: 35.00 B
2012-02-29 12:11:44.140-0800:           segments_1: 250.00 B
2012-02-29 12:11:44.140-0800:         - Total: 738.00 B
2012-02-29 12:11:44.140-0800:         users:
2012-02-29 12:11:44.140-0800:           _0.nrm: 24.00 B
2012-02-29 12:11:44.140-0800:           _0.fdt: 105.00 B
2012-02-29 12:11:44.140-0800:           _0.fnm: 21.00 B
2012-02-29 12:11:44.140-0800:           _0.frq: 20.00 B
2012-02-29 12:11:44.140-0800:           _0.tis: 166.00 B
2012-02-29 12:11:44.140-0800:           _0.prx: 20.00 B
2012-02-29 12:11:44.140-0800:           _0.fdx: 84.00 B
2012-02-29 12:11:44.141-0800:           segments.gen: 20.00 B
2012-02-29 12:11:44.141-0800:           _0.tii: 35.00 B
2012-02-29 12:11:44.141-0800:           segments_1: 250.00 B
2012-02-29 12:11:44.141-0800:         - Total: 745.00 B
2012-02-29 12:11:44.141-0800:       - Total: 1.45 kB
2012-02-29 12:11:44.141-0800:     - Total: 1.45 kB
2012-02-29 12:11:44.141-0800:     lucene.log.1: 16.00 B
2012-02-29 12:11:44.141-0800:     lucene-store.db: 40.00 B
2012-02-29 12:11:44.141-0800:     lucene.log.active: 4.00 B
2012-02-29 12:11:44.141-0800:   - Total: 1.51 kB
2012-02-29 12:11:44.141-0800:   messages.log: 34.73 kB
2012-02-29 12:11:44.141-0800:   index.db: 183.00 B
2012-02-29 12:11:44.142-0800: Id usage:
2012-02-29 12:11:44.142-0800:   NodeStore: used=24 high=23
2012-02-29 12:11:44.142-0800:   RelationshipStore: used=155 high=154
2012-02-29 12:11:44.142-0800:   RelationshipTypeStore: used=6 high=5
2012-02-29 12:11:44.142-0800:   PropertyStore: used=213 high=212
2012-02-29 12:11:44.142-0800:   PropertyIndexStore: used=10 high=9
2012-02-29 12:11:44.142-0800:   StringPropertyStore: used=1 high=0
2012-02-29 12:11:44.142-0800:   ArrayPropertyStore: used=1 high=0
2012-02-29 12:11:44.145-0800: Schedulers:   none
  none
  none
  none
  none
  none
  none
  none
  none
  none
  none
  none
  none
  none
  none
  none
  none
  none
  none
  none
  none
  none
  none
  none
  noop deadline [cfq] 
  noop deadline [cfq] 
  noop deadline [cfq] 
  noop deadline [cfq] 

2012-02-29 12:11:44.145-0800: --- CONFIGURATION END ---
2012-02-29 12:11:44.201-0800: Extension org.neo4j.kernel.KernelExtension[kernel jmx] loaded ok
2012-02-29 12:11:44.202-0800: Extension org.neo4j.kernel.KernelExtension[kernel udc] loaded ok
2012-02-29 12:12:01.629-0800: Closed log /home/ron/littlepy/learning/db/nioneo_logical.log
2012-02-29 12:12:01.651-0800: NeoStore closed
2012-02-29 12:12:01.653-0800: Closed log /home/ron/littlepy/learning/db/index/lucene.log
2012-02-29 12:12:01.653-0800: NeoStore closed
2012-02-29 12:12:01.653-0800: TM shutting down
